# JRE version: Java(TM) SE Runtime Environment (8.0_191-b12) (build 1.8.0_191-b12)
# Java VM: Java HotSpot(TM) 64-Bit Server VM (25.191-b12 mixed mode linux-amd64 compressed oops)
Heap:
 PSYoungGen      total 140800K, used 12128K [0x00000000ea000000, 0x00000000f3b00000, 0x0000000100000000)
  eden space 128000K, 0% used [0x00000000ea000000,0x00000000ea000000,0x00000000f1d00000)
  from space 12800K, 94% used [0x00000000f1d00000,0x00000000f28d8008,0x00000000f2980000)
  to   space 10240K, 0% used [0x00000000f2980000,0x00000000f2980000,0x00000000f3380000)
 ParOldGen       total 59904K, used 18425K [0x00000000be000000, 0x00000000c1a80000, 0x00000000ea000000)
  object space 59904K, 30% used [0x00000000be000000,0x00000000bf1fe648,0x00000000c1a80000)
 Metaspace       used 44304K, capacity 46174K, committed 46336K, reserved 1089536K
  class space    used 6182K, capacity 6540K, committed 6656K, reserved 1048576K
GC Heap History (10 events):
Event: 6,399 GC heap after
Heap after GC invocations=8 (full 1):
 PSYoungGen      total 75776K, used 4154K [0x00000000ea000000, 0x00000000f1280000, 0x0000000100000000)
  eden space 69632K, 0% used [0x00000000ea000000,0x00000000ea000000,0x00000000ee400000)
  from space 6144K, 67% used [0x00000000ee400000,0x00000000ee80ea90,0x00000000eea00000)
  to   space 6144K, 0% used [0x00000000f0c80000,0x00000000f0c80000,0x00000000f1280000)
 ParOldGen       total 36352K, used 8081K [0x00000000be000000, 0x00000000c0380000, 0x00000000ea000000)
  object space 36352K, 22% used [0x00000000be000000,0x00000000be7e45f8,0x00000000c0380000)
 Metaspace       used 22408K, capacity 23222K, committed 23552K, reserved 1069056K
  class space    used 2993K, capacity 3212K, committed 3328K, reserved 1048576K
}
Event: 8,717 GC heap before
{Heap before GC invocations=9 (full 1):
 PSYoungGen      total 75776K, used 73786K [0x00000000ea000000, 0x00000000f1280000, 0x0000000100000000)
  eden space 69632K, 100% used [0x00000000ea000000,0x00000000ee400000,0x00000000ee400000)
  from space 6144K, 67% used [0x00000000ee400000,0x00000000ee80ea90,0x00000000eea00000)
  to   space 6144K, 0% used [0x00000000f0c80000,0x00000000f0c80000,0x00000000f1280000)
 ParOldGen       total 36352K, used 8081K [0x00000000be000000, 0x00000000c0380000, 0x00000000ea000000)
  object space 36352K, 22% used [0x00000000be000000,0x00000000be7e45f8,0x00000000c0380000)
 Metaspace       used 26257K, capacity 27450K, committed 27776K, reserved 1073152K
  class space    used 3564K, capacity 3848K, committed 3968K, reserved 1048576K
Event: 8,774 GC heap after
Heap after GC invocations=9 (full 1):
 PSYoungGen      total 109056K, used 6138K [0x00000000ea000000, 0x00000000f1380000, 0x0000000100000000)
  eden space 102912K, 0% used [0x00000000ea000000,0x00000000ea000000,0x00000000f0480000)
  from space 6144K, 99% used [0x00000000f0c80000,0x00000000f127e848,0x00000000f1280000)
  to   space 7680K, 0% used [0x00000000f0480000,0x00000000f0480000,0x00000000f0c00000)
 ParOldGen       total 36352K, used 10683K [0x00000000be000000, 0x00000000c0380000, 0x00000000ea000000)
  object space 36352K, 29% used [0x00000000be000000,0x00000000bea6eeb0,0x00000000c0380000)
 Metaspace       used 26257K, capacity 27450K, committed 27776K, reserved 1073152K
  class space    used 3564K, capacity 3848K, committed 3968K, reserved 1048576K
}
Event: 11,341 GC heap before
{Heap before GC invocations=10 (full 1):
 PSYoungGen      total 109056K, used 109050K [0x00000000ea000000, 0x00000000f1380000, 0x0000000100000000)
  eden space 102912K, 100% used [0x00000000ea000000,0x00000000f0480000,0x00000000f0480000)
  from space 6144K, 99% used [0x00000000f0c80000,0x00000000f127e848,0x00000000f1280000)
  to   space 7680K, 0% used [0x00000000f0480000,0x00000000f0480000,0x00000000f0c00000)
 ParOldGen       total 36352K, used 10683K [0x00000000be000000, 0x00000000c0380000, 0x00000000ea000000)
  object space 36352K, 29% used [0x00000000be000000,0x00000000bea6eeb0,0x00000000c0380000)
 Metaspace       used 29823K, capacity 31388K, committed 31616K, reserved 1077248K
  class space    used 4020K, capacity 4359K, committed 4480K, reserved 1048576K
Event: 11,388 GC heap after
Heap after GC invocations=10 (full 1):
 PSYoungGen      total 110592K, used 7657K [0x00000000ea000000, 0x00000000f3380000, 0x0000000100000000)
  eden space 102912K, 0% used [0x00000000ea000000,0x00000000ea000000,0x00000000f0480000)
  from space 7680K, 99% used [0x00000000f0480000,0x00000000f0bfa5b0,0x00000000f0c00000)
  to   space 10240K, 0% used [0x00000000f2980000,0x00000000f2980000,0x00000000f3380000)
 ParOldGen       total 36352K, used 14214K [0x00000000be000000, 0x00000000c0380000, 0x00000000ea000000)
  object space 36352K, 39% used [0x00000000be000000,0x00000000bede1af8,0x00000000c0380000)
 Metaspace       used 29823K, capacity 31388K, committed 31616K, reserved 1077248K
  class space    used 4020K, capacity 4359K, committed 4480K, reserved 1048576K
}
Event: 13,722 GC heap before
{Heap before GC invocations=11 (full 1):
 PSYoungGen      total 110592K, used 72152K [0x00000000ea000000, 0x00000000f3380000, 0x0000000100000000)
  eden space 102912K, 62% used [0x00000000ea000000,0x00000000edefbd40,0x00000000f0480000)
  from space 7680K, 99% used [0x00000000f0480000,0x00000000f0bfa5b0,0x00000000f0c00000)
  to   space 10240K, 0% used [0x00000000f2980000,0x00000000f2980000,0x00000000f3380000)
 ParOldGen       total 36352K, used 14214K [0x00000000be000000, 0x00000000c0380000, 0x00000000ea000000)
  object space 36352K, 39% used [0x00000000be000000,0x00000000bede1af8,0x00000000c0380000)
 Metaspace       used 33705K, capacity 35426K, committed 35496K, reserved 1079296K
  class space    used 4460K, capacity 4794K, committed 4864K, reserved 1048576K
Event: 13,852 GC heap after
Heap after GC invocations=11 (full 1):
 PSYoungGen      total 138240K, used 10218K [0x00000000ea000000, 0x00000000f3b00000, 0x0000000100000000)
  eden space 128000K, 0% used [0x00000000ea000000,0x00000000ea000000,0x00000000f1d00000)
  from space 10240K, 99% used [0x00000000f2980000,0x00000000f337aa68,0x00000000f3380000)
  to   space 12800K, 0% used [0x00000000f1d00000,0x00000000f1d00000,0x00000000f2980000)
 ParOldGen       total 36352K, used 17396K [0x00000000be000000, 0x00000000c0380000, 0x00000000ea000000)
  object space 36352K, 47% used [0x00000000be000000,0x00000000bf0fd168,0x00000000c0380000)
 Metaspace       used 33705K, capacity 35426K, committed 35496K, reserved 1079296K
  class space    used 4460K, capacity 4794K, committed 4864K, reserved 1048576K
}
Event: 13,853 GC heap before
{Heap before GC invocations=12 (full 2):
 PSYoungGen      total 138240K, used 10218K [0x00000000ea000000, 0x00000000f3b00000, 0x0000000100000000)
  eden space 128000K, 0% used [0x00000000ea000000,0x00000000ea000000,0x00000000f1d00000)
  from space 10240K, 99% used [0x00000000f2980000,0x00000000f337aa68,0x00000000f3380000)
  to   space 12800K, 0% used [0x00000000f1d00000,0x00000000f1d00000,0x00000000f2980000)
 ParOldGen       total 36352K, used 17396K [0x00000000be000000, 0x00000000c0380000, 0x00000000ea000000)
  object space 36352K, 47% used [0x00000000be000000,0x00000000bf0fd168,0x00000000c0380000)
 Metaspace       used 33705K, capacity 35426K, committed 35496K, reserved 1079296K
  class space    used 4460K, capacity 4794K, committed 4864K, reserved 1048576K
Event: 14,044 GC heap after
Heap after GC invocations=12 (full 2):
 PSYoungGen      total 138240K, used 0K [0x00000000ea000000, 0x00000000f3b00000, 0x0000000100000000)
  eden space 128000K, 0% used [0x00000000ea000000,0x00000000ea000000,0x00000000f1d00000)
  from space 10240K, 0% used [0x00000000f2980000,0x00000000f2980000,0x00000000f3380000)
  to   space 12800K, 0% used [0x00000000f1d00000,0x00000000f1d00000,0x00000000f2980000)
 ParOldGen       total 59904K, used 18417K [0x00000000be000000, 0x00000000c1a80000, 0x00000000ea000000)
  object space 59904K, 30% used [0x00000000be000000,0x00000000bf1fc648,0x00000000c1a80000)
 Metaspace       used 33705K, capacity 35426K, committed 35496K, reserved 1079296K
  class space    used 4460K, capacity 4794K, committed 4864K, reserved 1048576K
}
Event: 27,635 GC heap before
{Heap before GC invocations=13 (full 2):
 PSYoungGen      total 138240K, used 128000K [0x00000000ea000000, 0x00000000f3b00000, 0x0000000100000000)
  eden space 128000K, 100% used [0x00000000ea000000,0x00000000f1d00000,0x00000000f1d00000)
  from space 10240K, 0% used [0x00000000f2980000,0x00000000f2980000,0x00000000f3380000)
  to   space 12800K, 0% used [0x00000000f1d00000,0x00000000f1d00000,0x00000000f2980000)
 ParOldGen       total 59904K, used 18417K [0x00000000be000000, 0x00000000c1a80000, 0x00000000ea000000)
  object space 59904K, 30% used [0x00000000be000000,0x00000000bf1fc648,0x00000000c1a80000)
 Metaspace       used 44304K, capacity 46174K, committed 46336K, reserved 1089536K
  class space    used 6182K, capacity 6540K, committed 6656K, reserved 1048576K

